[debug] [2025-08-12T00:13:40.291Z] ----------------------------------------------------------------------
[debug] [2025-08-12T00:13:40.295Z] Command:       C:\Program Files\nodejs\node.exe C:\Users\Hebert\AppData\Roaming\npm\node_modules\firebase-tools\lib\bin\firebase.js init
[debug] [2025-08-12T00:13:40.296Z] CLI Version:   14.12.0
[debug] [2025-08-12T00:13:40.296Z] Platform:      win32
[debug] [2025-08-12T00:13:40.296Z] Node Version:  v24.4.1
[debug] [2025-08-12T00:13:40.296Z] Time:          Mon Aug 11 2025 21:13:40 GMT-0300 (Horário Padrão de Brasília)
[debug] [2025-08-12T00:13:40.296Z] ----------------------------------------------------------------------
[debug] 
[debug] [2025-08-12T00:13:40.302Z] > command requires scopes: ["email","openid","https://www.googleapis.com/auth/cloudplatformprojects.readonly","https://www.googleapis.com/auth/firebase","https://www.googleapis.com/auth/cloud-platform"]
[debug] [2025-08-12T00:13:40.303Z] > authorizing via signed-in user (hebertsandinhacorretor@gmail.com)
[info] 
     ######## #### ########  ######## ########     ###     ######  ########
     ##        ##  ##     ## ##       ##     ##  ##   ##  ##       ##
     ######    ##  ########  ######   ########  #########  ######  ######
     ##        ##  ##    ##  ##       ##     ## ##     ##       ## ##
     ##       #### ##     ## ######## ########  ##     ##  ######  ########

You're about to initialize a Firebase project in this directory:

  C:\xampp\htdocs\cartao

Before we get started, keep in mind:

  * You are currently outside your home directory

[debug] [2025-08-12T00:19:12.897Z] ExitPromptError: User force closed the prompt with SIGINT
    at Interface.sigint (C:\Users\Hebert\AppData\Roaming\npm\node_modules\firebase-tools\node_modules\@inquirer\core\dist\commonjs\lib\create-prompt.js:101:37)
    at Interface.emit (node:events:507:28)
    at Interface.emit (node:domain:489:12)
    at [_ttyWrite] [as _ttyWrite] (node:internal/readline/interface:1315:18)
    at ReadStream.onkeypress (node:internal/readline/interface:284:20)
    at ReadStream.emit (node:events:519:35)
    at ReadStream.emit (node:domain:489:12)
    at emitKeys (node:internal/readline/utils:371:14)
    at emitKeys.next (<anonymous>)
    at ReadStream.onData (node:internal/readline/emitKeypressEvents:64:36)
[error] 
[error] Error: An unexpected error has occurred.
